<?xml version="1.0" encoding="UTF-8"?>
<testsuite xmlns:xsi="http://www.w3.org/2001/XMLSchema-instance" xsi:noNamespaceSchemaLocation="https://maven.apache.org/surefire/maven-surefire-plugin/xsd/surefire-test-report.xsd" name="radioTest" time="0.009" tests="16" errors="0" skipped="0" failures="3">
  <properties>
[...]
</properties>
  <testcase name="shouldNextNotStation" classname="radioTest" time="0"/>
  <testcase name="shouldCurrentRadio" classname="radioTest" time="0"/>
  <testcase name="shouldNePrevStation" classname="radioTest" time="0"/>
  <testcase name="shouldCurrentNotVolume" classname="radioTest" time="0"/>
  <testcase name="shouldCurrent1Radio" classname="radioTest" time="0"/>
  <testcase name="shouldNextStation" classname="radioTest" time="0"/>
  <testcase name="shouldNext1Station" classname="radioTest" time="0"/>
  <testcase name="shouldDecreaseVolume" classname="radioTest" time="0"/>
  <testcase name="shouldSet11Volume" classname="radioTest" time="0.003">
    <failure message="expected: &lt;0&gt; but was: &lt;11&gt;" type="org.opentest4j.AssertionFailedError"><![CDATA[org.opentest4j.AssertionFailedError: expected: <0> but was: <11>
	at radioTest.shouldSet11Volume(radioTest.java:143)
]]></failure>
  </testcase>
  <testcase name="shouldNePrev1Station" classname="radioTest" time="0"/>
  <testcase name="shouldDecrease1Volume" classname="radioTest" time="0"/>
  <testcase name="shouldCurrentVolume" classname="radioTest" time="0"/>
  <testcase name="shouldAnyVolume" classname="radioTest" time="0">
    <failure message="expected: &lt;0&gt; but was: &lt;12&gt;" type="org.opentest4j.AssertionFailedError"><![CDATA[org.opentest4j.AssertionFailedError: expected: <0> but was: <12>
	at radioTest.shouldAnyVolume(radioTest.java:211)
]]></failure>
  </testcase>
  <testcase name="shouldNextVolume" classname="radioTest" time="0"/>
  <testcase name="shouldSet0Volume" classname="radioTest" time="0"/>
  <testcase name="shouldDNext1Volume" classname="radioTest" time="0.004">
    <failure message="expected: &lt;10&gt; but was: &lt;11&gt;" type="org.opentest4j.AssertionFailedError"><![CDATA[org.opentest4j.AssertionFailedError: expected: <10> but was: <11>
	at radioTest.shouldDNext1Volume(radioTest.java:198)
]]></failure>
  </testcase>
</testsuite>